<?xml version="1.0" encoding="UTF-8"?>
<testng-results skipped="0" failed="0" ignored="0" total="1" passed="1">
  <reporter-output>
  </reporter-output>
  <suite name="Surefire suite" duration-ms="23" started-at="2021-12-12T10:55:17Z" finished-at="2021-12-12T10:55:17Z">
    <groups>
    </groups>
    <test name="Surefire test" duration-ms="23" started-at="2021-12-12T10:55:17Z" finished-at="2021-12-12T10:55:17Z">
      <class name="uk.co.library.AppTest">
        <test-method status="PASS" signature="shouldAnswerWithTrue()" name="shouldAnswerWithTrue" duration-ms="5" started-at="2021-12-12T10:55:17Z" finished-at="2021-12-12T10:55:17Z">
          <reporter-output>
          </reporter-output>
        </test-method> <!-- shouldAnswerWithTrue -->
      </class> <!-- uk.co.library.AppTest -->
    </test> <!-- Surefire test -->
  </suite> <!-- Surefire suite -->
</testng-results>
